Build started 2012/5/7 下午 11:23:38.
     1>Project "C:\Users\Ray\Downloads\of_preRelease_v007_vs2010\apps\examples\emptyExampleWebServer\emptyExample.vcxproj" on node 3 (build target(s)).
     1>InitializeBuildStatus:
         Creating "obj\Release\emptyExample.unsuccessfulbuild" because "AlwaysCreate" was specified.
       ClCompile:
         C:\Program Files (x86)\Microsoft Visual Studio 10.0\VC\bin\CL.exe /c /I..\..\..\libs\openFrameworks /I..\..\..\libs\openFrameworks\graphics /I..\..\..\libs\openFrameworks\app /I..\..\..\libs\openFrameworks\sound /I..\..\..\libs\openFrameworks\utils /I..\..\..\libs\openFrameworks\communication /I..\..\..\libs\openFrameworks\video /I..\..\..\libs\openFrameworks\math /I..\..\..\libs\openFrameworks\types /I..\..\..\libs\openFrameworks\events /I..\..\..\libs\glut\include /I..\..\..\libs\rtAudio\include /I..\..\..\libs\quicktime\include /I..\..\..\libs\freetype\include /I..\..\..\libs\freetype\include\freetype2 /I..\..\..\libs\freeImage\include /I..\..\..\libs\fmodex\include /I..\..\..\libs\videoInput\include /I..\..\..\libs\glew\include\ /I..\..\..\libs\glu\include /I..\..\..\libs\poco\include /I..\..\..\addons /I..\..\..\libs\openFrameworks\gl /I..\..\..\libs\openFrameworks\3d /I..\..\..\libs\tess2\include /I..\..\..\addons\ofxWebServer\lib /I..\..\..\addons\ofxWebServer\src /I..\..\..\libs\cairo\include\cairo /I..\..\..\addons\ofxLog\src /nologo /W3 /WX- /O2 /Oy- /D WIN32 /D NDEBUG /D _CONSOLE /D POCO_STATIC /D CAIRO_WIN32_STATIC_BUILD /D DISABLE_SOME_FLOATING_POINT /D _UNICODE /D UNICODE /Gm- /EHsc /MD /GS /fp:precise /Zc:wchar_t /Zc:forScope /Fo"obj\Release\\" /Fd"obj\Release\vc100.pdb" /Gd /TC /analyze- /errorReport:prompt ..\..\..\addons\ofxWebServer\lib\mongoose.c
         mongoose.c
     1>..\..\..\addons\ofxWebServer\lib\mongoose.c(96): warning C4005: 'EWOULDBLOCK' : macro redefinition
                 C:\Program Files (x86)\Microsoft Visual Studio 10.0\VC\include\errno.h(132) : see previous definition of 'EWOULDBLOCK'
     1>..\..\..\addons\ofxWebServer\lib\mongoose.c(891): warning C4244: '=' : conversion from 'time_t' to 'DWORD', possible loss of data
     1>..\..\..\addons\ofxWebServer\lib\mongoose.c(3287): warning C4996: 'fdopen': The POSIX name for this item is deprecated. Instead, use the ISO C++ conformant name: _fdopen. See online help for details.
                 C:\Program Files (x86)\Microsoft Visual Studio 10.0\VC\include\stdio.h(721) : see declaration of 'fdopen'
     1>..\..\..\addons\ofxWebServer\lib\mongoose.c(4463): warning C4244: '=' : conversion from 'time_t' to 'long', possible loss of data
         C:\Program Files (x86)\Microsoft Visual Studio 10.0\VC\bin\CL.exe /c /I..\..\..\libs\openFrameworks /I..\..\..\libs\openFrameworks\graphics /I..\..\..\libs\openFrameworks\app /I..\..\..\libs\openFrameworks\sound /I..\..\..\libs\openFrameworks\utils /I..\..\..\libs\openFrameworks\communication /I..\..\..\libs\openFrameworks\video /I..\..\..\libs\openFrameworks\math /I..\..\..\libs\openFrameworks\types /I..\..\..\libs\openFrameworks\events /I..\..\..\libs\glut\include /I..\..\..\libs\rtAudio\include /I..\..\..\libs\quicktime\include /I..\..\..\libs\freetype\include /I..\..\..\libs\freetype\include\freetype2 /I..\..\..\libs\freeImage\include /I..\..\..\libs\fmodex\include /I..\..\..\libs\videoInput\include /I..\..\..\libs\glew\include\ /I..\..\..\libs\glu\include /I..\..\..\libs\poco\include /I..\..\..\addons /I..\..\..\libs\openFrameworks\gl /I..\..\..\libs\openFrameworks\3d /I..\..\..\libs\tess2\include /I..\..\..\addons\ofxWebServer\lib /I..\..\..\addons\ofxWebServer\src /I..\..\..\libs\cairo\include\cairo /I..\..\..\addons\ofxLog\src /nologo /W3 /WX- /O2 /Oy- /D WIN32 /D NDEBUG /D _CONSOLE /D POCO_STATIC /D CAIRO_WIN32_STATIC_BUILD /D DISABLE_SOME_FLOATING_POINT /D _UNICODE /D UNICODE /Gm- /EHsc /MD /GS /fp:precise /Zc:wchar_t /Zc:forScope /Fo"obj\Release\\" /Fd"obj\Release\vc100.pdb" /Gd /TP /analyze- /errorReport:prompt ..\..\..\addons\ofxWebServer\src\ofxWebServer.cpp ..\..\..\addons\ofxWebServer\src\ofxWSRequestHandler.cpp src\main.cpp src\testApp.cpp
         ofxWebServer.cpp
     1>..\..\..\libs\quicktime\include\ConditionalMacros.h : warning C4819: The file contains a character that cannot be represented in the current code page (950). Save the file in Unicode format to prevent data loss
         ofxWSRequestHandler.cpp
     1>..\..\..\libs\quicktime\include\ConditionalMacros.h : warning C4819: The file contains a character that cannot be represented in the current code page (950). Save the file in Unicode format to prevent data loss
         main.cpp
     1>..\..\..\libs\quicktime\include\ConditionalMacros.h : warning C4819: The file contains a character that cannot be represented in the current code page (950). Save the file in Unicode format to prevent data loss
         testApp.cpp
     1>..\..\..\libs\quicktime\include\ConditionalMacros.h : warning C4819: The file contains a character that cannot be represented in the current code page (950). Save the file in Unicode format to prevent data loss
         Generating Code...
       Link:
         C:\Program Files (x86)\Microsoft Visual Studio 10.0\VC\bin\link.exe /ERRORREPORT:PROMPT /OUT:"bin\emptyExample.exe" /INCREMENTAL:NO /NOLOGO /LIBPATH:..\..\..\libs\glut\lib\vs2010 /LIBPATH:..\..\..\libs\rtAudio\lib\vs2010 /LIBPATH:..\..\..\libs\FreeImage\lib\vs2010 /LIBPATH:..\..\..\libs\freetype\lib\vs2010 /LIBPATH:..\..\..\libs\quicktime\lib\vs2010 /LIBPATH:..\..\..\libs\fmodex\lib\vs2010 /LIBPATH:..\..\..\libs\videoInput\lib\vs2010 /LIBPATH:..\..\..\libs\cairo\lib\vs2010 /LIBPATH:..\..\..\libs\cairo\lib\vs2010 /LIBPATH:..\..\..\libs\glew\lib\vs2010 /LIBPATH:..\..\..\libs\glu\lib\vs2010 /LIBPATH:..\..\..\libs\Poco\lib\vs2010 /LIBPATH:..\..\..\libs\openFrameworksCompiled\lib\vs2010 /LIBPATH:..\..\..\libs\tess2\lib\vs2010 openframeworksLib.lib "cairo-static.lib" "pixman-1.lib" msimg32.lib OpenGL32.lib GLu32.lib kernel32.lib setupapi.lib glut32.lib rtAudio.lib videoInput.lib libfreetype.lib FreeImage.lib qtmlClient.lib dsound.lib user32.lib gdi32.lib winspool.lib comdlg32.lib advapi32.lib shell32.lib ole32.lib oleaut32.lib uuid.lib glew32s.lib fmodex_vc.lib glu32.lib PocoFoundationmd.lib PocoNetmd.lib PocoUtilmd.lib PocoXMLmd.lib tess2.lib kernel32.lib user32.lib gdi32.lib winspool.lib comdlg32.lib advapi32.lib shell32.lib ole32.lib oleaut32.lib uuid.lib odbc32.lib odbccp32.lib /NODEFAULTLIB:atlthunk.lib /NODEFAULTLIB:LIBC.lib /NODEFAULTLIB:LIBCMT /MANIFEST /ManifestFile:"obj\Release\emptyExample.exe.intermediate.manifest" /MANIFESTUAC:"level='asInvoker' uiAccess='false'" /PDB:"C:\Users\Ray\Downloads\of_preRelease_v007_vs2010\apps\examples\emptyExampleWebServer\bin\emptyExample.pdb" /SUBSYSTEM:CONSOLE /OPT:REF /OPT:ICF /TLBID:1 /DYNAMICBASE:NO /IMPLIB:"bin\emptyExample.lib" /MACHINE:X86 obj\Release\mongoose.obj
         obj\Release\ofxWebServer.obj
         obj\Release\ofxWSRequestHandler.obj
         obj\Release\main.obj
         obj\Release\testApp.obj
         C:\Users\Ray\Downloads\of_preRelease_v007_vs2010\libs\openFrameworksCompiled\lib\vs2010\openframeworksLib.lib
            Creating library bin\emptyExample.lib and object bin\emptyExample.exp
         emptyExample.vcxproj -> C:\Users\Ray\Downloads\of_preRelease_v007_vs2010\apps\examples\emptyExampleWebServer\bin\emptyExample.exe
       Manifest:
         C:\Program Files (x86)\Microsoft SDKs\Windows\v7.0A\bin\mt.exe /nologo /verbose /outputresource:"bin\emptyExample.exe;#1" /manifest obj\Release\emptyExample.exe.intermediate.manifest
       PostBuildEvent:
         Description: adding DLLs and creating data folder
         xcopy /e /i /y "C:\Users\Ray\Downloads\of_preRelease_v007_vs2010\apps\examples\emptyExampleWebServer\\..\..\..\export\vs2010\*.dll" "C:\Users\Ray\Downloads\of_preRelease_v007_vs2010\apps\examples\emptyExampleWebServer\\bin"
         if not exist "C:\Users\Ray\Downloads\of_preRelease_v007_vs2010\apps\examples\emptyExampleWebServer\\bin\data" mkdir  "C:\Users\Ray\Downloads\of_preRelease_v007_vs2010\apps\examples\emptyExampleWebServer\\bin\data"
         
         
         :VCEnd
         C:\Users\Ray\Downloads\of_preRelease_v007_vs2010\apps\examples\emptyExampleWebServer\\..\..\..\export\vs2010\Assimp32.dll
         C:\Users\Ray\Downloads\of_preRelease_v007_vs2010\apps\examples\emptyExampleWebServer\\..\..\..\export\vs2010\fmodex.dll
         C:\Users\Ray\Downloads\of_preRelease_v007_vs2010\apps\examples\emptyExampleWebServer\\..\..\..\export\vs2010\fmodexL.dll
         C:\Users\Ray\Downloads\of_preRelease_v007_vs2010\apps\examples\emptyExampleWebServer\\..\..\..\export\vs2010\FreeImage.dll
         C:\Users\Ray\Downloads\of_preRelease_v007_vs2010\apps\examples\emptyExampleWebServer\\..\..\..\export\vs2010\FreeType-6.dll
         C:\Users\Ray\Downloads\of_preRelease_v007_vs2010\apps\examples\emptyExampleWebServer\\..\..\..\export\vs2010\glut32.dll
         C:\Users\Ray\Downloads\of_preRelease_v007_vs2010\apps\examples\emptyExampleWebServer\\..\..\..\export\vs2010\Zlib.dll
         已複製 7 個檔案
       FinalizeBuildStatus:
         Deleting file "obj\Release\emptyExample.unsuccessfulbuild".
         Touching "obj\Release\emptyExample.lastbuildstate".
     1>Done Building Project "C:\Users\Ray\Downloads\of_preRelease_v007_vs2010\apps\examples\emptyExampleWebServer\emptyExample.vcxproj" (build target(s)).

Build succeeded.

Time Elapsed 00:00:19.01
